# JRE version: Java(TM) SE Runtime Environment (8.0_261-b12) (build 1.8.0_261-b12)
# Java VM: Java HotSpot(TM) 64-Bit Server VM (25.261-b12 mixed mode windows-amd64 compressed oops)
Heap:
 PSYoungGen      total 169984K, used 42475K [0x00000000d9380000, 0x00000000e5d00000, 0x0000000100000000)
  eden space 146944K, 20% used [0x00000000d9380000,0x00000000db0e5548,0x00000000e2300000)
  from space 23040K, 53% used [0x00000000e4680000,0x00000000e5295a28,0x00000000e5d00000)
  to   space 29696K, 0% used [0x00000000e2300000,0x00000000e2300000,0x00000000e4000000)
 ParOldGen       total 118272K, used 58887K [0x000000008ba00000, 0x0000000092d80000, 0x00000000d9380000)
  object space 118272K, 49% used [0x000000008ba00000,0x000000008f381d28,0x0000000092d80000)
 Metaspace       used 31551K, capacity 32466K, committed 32512K, reserved 1079296K
  class space    used 3334K, capacity 3561K, committed 3584K, reserved 1048576K
GC Heap History (10 events):
Event: 4.558 GC heap before
{Heap before GC invocations=7 (full 0):
 PSYoungGen      total 69120K, used 69112K [0x00000000d9380000, 0x00000000de480000, 0x0000000100000000)
  eden space 59904K, 100% used [0x00000000d9380000,0x00000000dce00000,0x00000000dce00000)
  from space 9216K, 99% used [0x00000000dd880000,0x00000000de17e288,0x00000000de180000)
  to   space 10752K, 0% used [0x00000000dce00000,0x00000000dce00000,0x00000000dd880000)
 ParOldGen       total 80896K, used 8491K [0x000000008ba00000, 0x0000000090900000, 0x00000000d9380000)
  object space 80896K, 10% used [0x000000008ba00000,0x000000008c24ae68,0x0000000090900000)
 Metaspace       used 20992K, capacity 21102K, committed 21296K, reserved 1069056K
  class space    used 2107K, capacity 2151K, committed 2176K, reserved 1048576K
Event: 4.589 GC heap after
Heap after GC invocations=7 (full 0):
 PSYoungGen      total 70656K, used 10720K [0x00000000d9380000, 0x00000000e3b80000, 0x0000000100000000)
  eden space 59904K, 0% used [0x00000000d9380000,0x00000000d9380000,0x00000000dce00000)
  from space 10752K, 99% used [0x00000000dce00000,0x00000000dd878150,0x00000000dd880000)
  to   space 26112K, 0% used [0x00000000e2200000,0x00000000e2200000,0x00000000e3b80000)
 ParOldGen       total 80896K, used 35692K [0x000000008ba00000, 0x0000000090900000, 0x00000000d9380000)
  object space 80896K, 44% used [0x000000008ba00000,0x000000008dcdb380,0x0000000090900000)
 Metaspace       used 20992K, capacity 21102K, committed 21296K, reserved 1069056K
  class space    used 2107K, capacity 2151K, committed 2176K, reserved 1048576K
}
Event: 4.931 GC heap before
{Heap before GC invocations=8 (full 0):
 PSYoungGen      total 70656K, used 52210K [0x00000000d9380000, 0x00000000e3b80000, 0x0000000100000000)
  eden space 59904K, 69% used [0x00000000d9380000,0x00000000dbc04700,0x00000000dce00000)
  from space 10752K, 99% used [0x00000000dce00000,0x00000000dd878150,0x00000000dd880000)
  to   space 26112K, 0% used [0x00000000e2200000,0x00000000e2200000,0x00000000e3b80000)
 ParOldGen       total 80896K, used 35692K [0x000000008ba00000, 0x0000000090900000, 0x00000000d9380000)
  object space 80896K, 44% used [0x000000008ba00000,0x000000008dcdb380,0x0000000090900000)
 Metaspace       used 21081K, capacity 21172K, committed 21296K, reserved 1069056K
  class space    used 2107K, capacity 2152K, committed 2176K, reserved 1048576K
Event: 5.018 GC heap after
Heap after GC invocations=8 (full 0):
 PSYoungGen      total 140288K, used 26080K [0x00000000d9380000, 0x00000000e4680000, 0x0000000100000000)
  eden space 114176K, 0% used [0x00000000d9380000,0x00000000d9380000,0x00000000e0300000)
  from space 26112K, 99% used [0x00000000e2200000,0x00000000e3b78150,0x00000000e3b80000)
  to   space 31744K, 0% used [0x00000000e0300000,0x00000000e0300000,0x00000000e2200000)
 ParOldGen       total 80896K, used 38086K [0x000000008ba00000, 0x0000000090900000, 0x00000000d9380000)
  object space 80896K, 47% used [0x000000008ba00000,0x000000008df319f8,0x0000000090900000)
 Metaspace       used 21081K, capacity 21172K, committed 21296K, reserved 1069056K
  class space    used 2107K, capacity 2152K, committed 2176K, reserved 1048576K
}
Event: 5.018 GC heap before
{Heap before GC invocations=9 (full 1):
 PSYoungGen      total 140288K, used 26080K [0x00000000d9380000, 0x00000000e4680000, 0x0000000100000000)
  eden space 114176K, 0% used [0x00000000d9380000,0x00000000d9380000,0x00000000e0300000)
  from space 26112K, 99% used [0x00000000e2200000,0x00000000e3b78150,0x00000000e3b80000)
  to   space 31744K, 0% used [0x00000000e0300000,0x00000000e0300000,0x00000000e2200000)
 ParOldGen       total 80896K, used 38086K [0x000000008ba00000, 0x0000000090900000, 0x00000000d9380000)
  object space 80896K, 47% used [0x000000008ba00000,0x000000008df319f8,0x0000000090900000)
 Metaspace       used 21081K, capacity 21172K, committed 21296K, reserved 1069056K
  class space    used 2107K, capacity 2152K, committed 2176K, reserved 1048576K
Event: 5.254 GC heap after
Heap after GC invocations=9 (full 1):
 PSYoungGen      total 140288K, used 0K [0x00000000d9380000, 0x00000000e4680000, 0x0000000100000000)
  eden space 114176K, 0% used [0x00000000d9380000,0x00000000d9380000,0x00000000e0300000)
  from space 26112K, 0% used [0x00000000e2200000,0x00000000e2200000,0x00000000e3b80000)
  to   space 31744K, 0% used [0x00000000e0300000,0x00000000e0300000,0x00000000e2200000)
 ParOldGen       total 118272K, used 58863K [0x000000008ba00000, 0x0000000092d80000, 0x00000000d9380000)
  object space 118272K, 49% used [0x000000008ba00000,0x000000008f37bd28,0x0000000092d80000)
 Metaspace       used 21081K, capacity 21172K, committed 21296K, reserved 1069056K
  class space    used 2107K, capacity 2152K, committed 2176K, reserved 1048576K
}
Event: 914.091 GC heap before
{Heap before GC invocations=10 (full 1):
 PSYoungGen      total 140288K, used 114176K [0x00000000d9380000, 0x00000000e4680000, 0x0000000100000000)
  eden space 114176K, 100% used [0x00000000d9380000,0x00000000e0300000,0x00000000e0300000)
  from space 26112K, 0% used [0x00000000e2200000,0x00000000e2200000,0x00000000e3b80000)
  to   space 31744K, 0% used [0x00000000e0300000,0x00000000e0300000,0x00000000e2200000)
 ParOldGen       total 118272K, used 58863K [0x000000008ba00000, 0x0000000092d80000, 0x00000000d9380000)
  object space 118272K, 49% used [0x000000008ba00000,0x000000008f37bd28,0x0000000092d80000)
 Metaspace       used 30255K, capacity 31092K, committed 31232K, reserved 1077248K
  class space    used 3308K, capacity 3510K, committed 3584K, reserved 1048576K
Event: 914.123 GC heap after
Heap after GC invocations=10 (full 1):
 PSYoungGen      total 145920K, used 16397K [0x00000000d9380000, 0x00000000e6500000, 0x0000000100000000)
  eden space 114176K, 0% used [0x00000000d9380000,0x00000000d9380000,0x00000000e0300000)
  from space 31744K, 51% used [0x00000000e0300000,0x00000000e1303470,0x00000000e2200000)
  to   space 31232K, 0% used [0x00000000e4680000,0x00000000e4680000,0x00000000e6500000)
 ParOldGen       total 118272K, used 58879K [0x000000008ba00000, 0x0000000092d80000, 0x00000000d9380000)
  object space 118272K, 49% used [0x000000008ba00000,0x000000008f37fd28,0x0000000092d80000)
 Metaspace       used 30255K, capacity 31092K, committed 31232K, reserved 1077248K
  class space    used 3308K, capacity 3510K, committed 3584K, reserved 1048576K
}
Event: 1418.989 GC heap before
{Heap before GC invocations=11 (full 1):
 PSYoungGen      total 145920K, used 130573K [0x00000000d9380000, 0x00000000e6500000, 0x0000000100000000)
  eden space 114176K, 100% used [0x00000000d9380000,0x00000000e0300000,0x00000000e0300000)
  from space 31744K, 51% used [0x00000000e0300000,0x00000000e1303470,0x00000000e2200000)
  to   space 31232K, 0% used [0x00000000e4680000,0x00000000e4680000,0x00000000e6500000)
 ParOldGen       total 118272K, used 58879K [0x000000008ba00000, 0x0000000092d80000, 0x00000000d9380000)
  object space 118272K, 49% used [0x000000008ba00000,0x000000008f37fd28,0x0000000092d80000)
 Metaspace       used 31197K, capacity 32078K, committed 32256K, reserved 1077248K
  class space    used 3333K, capacity 3561K, committed 3584K, reserved 1048576K
Event: 1419.001 GC heap after
Heap after GC invocations=11 (full 1):
 PSYoungGen      total 169984K, used 12374K [0x00000000d9380000, 0x00000000e5d00000, 0x0000000100000000)
  eden space 146944K, 0% used [0x00000000d9380000,0x00000000d9380000,0x00000000e2300000)
  from space 23040K, 53% used [0x00000000e4680000,0x00000000e5295a28,0x00000000e5d00000)
  to   space 29696K, 0% used [0x00000000e2300000,0x00000000e2300000,0x00000000e4000000)
 ParOldGen       total 118272K, used 58887K [0x000000008ba00000, 0x0000000092d80000, 0x00000000d9380000)
  object space 118272K, 49% used [0x000000008ba00000,0x000000008f381d28,0x0000000092d80000)
 Metaspace       used 31197K, capacity 32078K, committed 32256K, reserved 1077248K
  class space    used 3333K, capacity 3561K, committed 3584K, reserved 1048576K
}

